<?xml version="1.0" encoding="UTF-8"?>
<!-- Generated by org.testng.reporters.JUnitReportReporter -->
<testsuite hostname="APPWRK42" failures="0" tests="1" name="Restassured.Test03_putAPI" time="2.010" errors="0" timestamp="2021-03-10T13:14:41 IST" skipped="0">
  <testcase classname="Restassured.Test03_putAPI" name="putTest" time="2.010"/>
  <system-out/>
</testsuite> <!-- Restassured.Test03_putAPI -->
