<?xml version="1.0" encoding="UTF-8"?>
<!-- Generated by org.testng.reporters.JUnitReportReporter -->
<testsuite hostname="APPWRK42" failures="0" tests="1" name="Restassured.Test04_deleteAPI" time="2.133" errors="0" timestamp="2021-03-10T13:24:46 IST" skipped="0">
  <testcase classname="Restassured.Test04_deleteAPI" name="deleteAPI" time="2.133"/>
  <system-out/>
</testsuite> <!-- Restassured.Test04_deleteAPI -->
