<?xml version="1.0" encoding="UTF-8"?>
<!-- Generated by org.testng.reporters.JUnitReportReporter -->
<testsuite hostname="APPWRK42" failures="0" tests="1" name="Restassured.Test01_getAPI" time="1.997" errors="0" timestamp="2021-03-10T15:12:03 IST" skipped="0">
  <testcase classname="Restassured.Test01_getAPI" name="getAPI" time="1.997"/>
  <system-out/>
</testsuite> <!-- Restassured.Test01_getAPI -->
