<?xml version="1.0" encoding="UTF-8"?>
<!-- Generated by org.testng.reporters.JUnitReportReporter -->
<testsuite hostname="APPWRK42" failures="0" tests="1" name="Restassured.Test02_PostAPI" time="2.179" errors="0" timestamp="2021-03-10T13:13:46 IST" skipped="0">
  <testcase classname="Restassured.Test02_PostAPI" name="postapi" time="2.179"/>
  <system-out/>
</testsuite> <!-- Restassured.Test02_PostAPI -->
